#************************************************************
#*               MadGraph5_aMC@NLO/MadEvent                 *
#*                                                          *
#*                *                       *                 *
#*                  *        * *        *                   *
#*                    * * * * 5 * * * *                     *
#*                  *        * *        *                   *
#*                *                       *                 *
#*                                                          *
#*                                                          *
#*         VERSION 2.9.18                2023-12-08         *
#*                                                          *
#*    The MadGraph5_aMC@NLO Development Team - Find us at   *
#*    https://server06.fynu.ucl.ac.be/projects/madgraph     *
#*                                                          *
#************************************************************
#*                                                          *
#*               Command File for MadEvent                  *
#*                                                          *
#*     run as ./bin/madevent.py filename                    *
#*                                                          *
#************************************************************
generate_events run_02
Traceback (most recent call last):
  File "/data/dust/user/vashisht/MG5_aMC_v2_9_18/madgraph/interface/extended_cmd.py", line 1541, in onecmd
    return self.onecmd_orig(line, **opt)
  File "/data/dust/user/vashisht/MG5_aMC_v2_9_18/madgraph/interface/extended_cmd.py", line 1490, in onecmd_orig
    return func(arg, **opt)
  File "/data/dust/user/vashisht/MG5_aMC_v2_9_18/madgraph/interface/madevent_interface.py", line 2474, in do_generate_events
    self.run_generate_events(switch_mode, args)
  File "/data/dust/user/vashisht/MG5_aMC_v2_9_18/madgraph/interface/common_run_interface.py", line 7126, in new_fct
    original_fct(obj, *args, **opts)
  File "/data/dust/user/vashisht/MG5_aMC_v2_9_18/madgraph/interface/madevent_interface.py", line 2584, in run_generate_events
    self.exec_cmd('shower --no_default', postcmd=False, printcmd=False)
  File "/data/dust/user/vashisht/MG5_aMC_v2_9_18/madgraph/interface/extended_cmd.py", line 1570, in exec_cmd
    stop = Cmd.onecmd_orig(current_interface, line, **opt)
  File "/data/dust/user/vashisht/MG5_aMC_v2_9_18/madgraph/interface/extended_cmd.py", line 1490, in onecmd_orig
    return func(arg, **opt)
  File "/data/dust/user/vashisht/MG5_aMC_v2_9_18/madgraph/interface/madevent_interface.py", line 3927, in do_shower
    self.exec_cmd('%s %s'%(shower,' '.join(args)),
  File "/data/dust/user/vashisht/MG5_aMC_v2_9_18/madgraph/interface/extended_cmd.py", line 1570, in exec_cmd
    stop = Cmd.onecmd_orig(current_interface, line, **opt)
  File "/data/dust/user/vashisht/MG5_aMC_v2_9_18/madgraph/interface/extended_cmd.py", line 1490, in onecmd_orig
    return func(arg, **opt)
  File "/data/dust/user/vashisht/MG5_aMC_v2_9_18/madgraph/interface/madevent_interface.py", line 4669, in do_pythia8
    new_djr_HwU = histograms.HwUList(djr_file,run_id=0)
  File "/data/dust/user/vashisht/MG5_aMC_v2_9_18/madgraph/various/histograms.py", line 1659, in __init__
    self.parse_histos_from_PY8_XML_stream(stream, run_id,
  File "/data/dust/user/vashisht/MG5_aMC_v2_9_18/madgraph/various/histograms.py", line 1775, in parse_histos_from_PY8_XML_stream
    raise MadGraph5Error("Histogram with run_id '%d' was not found in the "%run_id+\
madgraph.MadGraph5Error: Histogram with run_id '0' was not found in the specified XML source.
                              Run Options    
                              -----------    
               stdout_level 	:	20 (user set)

                         MadEvent Options    
                         ----------------    
     automatic_html_opening 	:	False (user set)
        notification_center 	:	True
                   run_mode 	:	2
              cluster_queue 	:	None (user set)
               cluster_time 	:	None (user set)
               cluster_size 	:	100
             cluster_memory 	:	100 (user set)
                    nb_core 	:	16 (user set)
          cluster_temp_path 	:	None

                      Configuration Options    
                      ---------------------    
               pythia8_path 	:	/data/dust/user/vashisht/MG5_aMC_v2_9_18/HEPTools/pythia8 (user set)
                  hwpp_path 	:	None (user set)
                thepeg_path 	:	None (user set)
                 hepmc_path 	:	None (user set)
           madanalysis_path 	:	None (user set)
          madanalysis5_path 	:	None (user set)
            pythia-pgs_path 	:	None (user set)
                    td_path 	:	None (user set)
               delphes_path 	:	/data/dust/user/vashisht/MG5_aMC_v2_9_18/Delphes (user set)
        exrootanalysis_path 	:	None (user set)
               syscalc_path 	:	None (user set)
                     lhapdf 	:	lhapdf-config
                 lhapdf_py2 	:	None
                 lhapdf_py3 	:	None
                    timeout 	:	60
              f2py_compiler 	:	None
          f2py_compiler_py2 	:	None
          f2py_compiler_py3 	:	None
                web_browser 	:	None
                 eps_viewer 	:	None
                text_editor 	:	None
           fortran_compiler 	:	None
               cpp_compiler 	:	None
                auto_update 	:	7 (user set)
               cluster_type 	:	condor
      cluster_status_update 	:	(600, 30)
           cluster_nb_retry 	:	1
         cluster_local_path 	:	None
         cluster_retry_wait 	:	300
