 Set environment variables
environment set
 >> Unpack PYTHIA8
 >> Enter PYTHIA8 directory
 >> Configure PYTHIA8
cd plugins/python && make clean
make[1]: Entering directory '/tmp/tmp6_huix43/pythia8313/plugins/python'
rm -rf tmp ../../lib/pythia8.so
make[1]: Leaving directory '/tmp/tmp6_huix43/pythia8313/plugins/python'
cd plugins/mg5mes && make clean
make[1]: Entering directory '/tmp/tmp6_huix43/pythia8313/plugins/mg5mes'
rm -rf tmp ../../lib/libpythia8mg5decays_ew_sm-ckm.so ../../lib/libpythia8mg5decays_higgs_heft-ckm.so ../../lib/libpythia8mg5decays_top_sm-ckm.so ../../lib/libpythia8mg5procs_dis_sm-ckm.so ../../lib/libpythia8mg5procs_ew_sm-ckm.so ../../lib/libpythia8mg5procs_higgs_heft-ckm.so ../../lib/libpythia8mg5procs_qcd_sm.so ../../lib/libpythia8mg5procs_top_sm.so
make[1]: Leaving directory '/tmp/tmp6_huix43/pythia8313/plugins/mg5mes'
rm -rf tmp lib
rm -f examples/*Dct.*
rm -f examples/*[0-9][0-9]
rm -f examples/weakbosons.lhe
rm -f examples/hist.root
cd examples && make clean
make[1]: Entering directory '/tmp/tmp6_huix43/pythia8313/examples'
make[1]: Leaving directory '/tmp/tmp6_huix43/pythia8313/examples'
find . -type f -name Makefile.inc -print0 | xargs -0 rm -f
find . -type f -name "*~" -print0 | xargs -0 rm -f
find . -type f -name "#*" -print0 | xargs -0 rm -f
rm -rf bin/
rm -f share/Pythia8/AUTHORS
rm -f share/Pythia8/COPYING
rm -f share/Pythia8/GUIDELINES
rm -f share/Pythia8/README
[1mRunning PYTHIA configuration script. Now is Wed Oct 29 15:34:32 CET 2025(B[m
[30m[43mWARNING: Ignoring invalid option "--with-lhapdf6-plugin".(B[m
[30m[43mWARNING: Disabling LHAPDF6(B[m - header LHAPDF/LHAPDF.h missing.
---------------------------------------------------------------------
|                    PYTHIA Configuration Summary                   |
---------------------------------------------------------------------
  Architecture                = LINUX
  C++ compiler     CXX        = g++
  C++ dynamic tags CXX_DTAGS  = -Wl,--disable-new-dtags
  C++ flags        CXX_COMMON = -ldl -fPIC -lstdc++ -std=c++11 -O2 -pthread -DHEPMC2HACK -DHEPMC2 -DGZIP -I/data/dust/user/vashisht/MG5_aMC_v2_9_18/HEPTools/zlib/include
  C++ shared flag  CXX_SHARED = -shared
  Further options             = 

The following optional external packages will be used:
[1m + HEPMC2(B[m (-I/data/dust/user/vashisht/MG5_aMC_v2_9_18/HEPTools/hepmc/include)
[1m + GZIP(B[m (-I/data/dust/user/vashisht/MG5_aMC_v2_9_18/HEPTools/zlib/include)
./configure ./configure --prefix=/data/dust/user/vashisht/MG5_aMC_v2_9_18/HEPTools/pythia8/ --with-hepmc2=/data/dust/user/vashisht/MG5_aMC_v2_9_18/HEPTools/hepmc --with-hepmc2-include=/data/dust/user/vashisht/MG5_aMC_v2_9_18/HEPTools/hepmc/include --with-gzip=/data/dust/user/vashisht/MG5_aMC_v2_9_18/HEPTools/zlib --with-lhapdf6=/cvmfs/cms.cern.ch/el9_amd64_gcc12/cms/cmssw/CMSSW_14_2_0/external/el9_amd64_gcc12 --with-lhapdf6-plugin=LHAPDF6.h --cxx-common='-ldl -fPIC -lstdc++ -std=c++11 -O2 -pthread -DHEPMC2HACK -DHEPMC2'
g++
 >> Compile PYTHIA8
g++ src/Analysis.cc -o tmp/Analysis.o -c -MD -Iinclude -ldl -fPIC -lstdc++ -std=c++11 -O2 -pthread -DHEPMC2HACK -DHEPMC2 -DGZIP -I/data/dust/user/vashisht/MG5_aMC_v2_9_18/HEPTools/zlib/include 
g++ src/Basics.cc -o tmp/Basics.o -c -MD -Iinclude -ldl -fPIC -lstdc++ -std=c++11 -O2 -pthread -DHEPMC2HACK -DHEPMC2 -DGZIP -I/data/dust/user/vashisht/MG5_aMC_v2_9_18/HEPTools/zlib/include 
g++ src/BeamParticle.cc -o tmp/BeamParticle.o -c -MD -Iinclude -ldl -fPIC -lstdc++ -std=c++11 -O2 -pthread -DHEPMC2HACK -DHEPMC2 -DGZIP -I/data/dust/user/vashisht/MG5_aMC_v2_9_18/HEPTools/zlib/include 
g++ src/BeamRemnants.cc -o tmp/BeamRemnants.o -c -MD -Iinclude -ldl -fPIC -lstdc++ -std=c++11 -O2 -pthread -DHEPMC2HACK -DHEPMC2 -DGZIP -I/data/dust/user/vashisht/MG5_aMC_v2_9_18/HEPTools/zlib/include 
g++ src/BeamSetup.cc -o tmp/BeamSetup.o -c -MD -Iinclude -ldl -fPIC -lstdc++ -std=c++11 -O2 -pthread -DHEPMC2HACK -DHEPMC2 -DGZIP -I/data/dust/user/vashisht/MG5_aMC_v2_9_18/HEPTools/zlib/include 
g++ src/BeamShape.cc -o tmp/BeamShape.o -c -MD -Iinclude -ldl -fPIC -lstdc++ -std=c++11 -O2 -pthread -DHEPMC2HACK -DHEPMC2 -DGZIP -I/data/dust/user/vashisht/MG5_aMC_v2_9_18/HEPTools/zlib/include 
g++ src/BoseEinstein.cc -o tmp/BoseEinstein.o -c -MD -Iinclude -ldl -fPIC -lstdc++ -std=c++11 -O2 -pthread -DHEPMC2HACK -DHEPMC2 -DGZIP -I/data/dust/user/vashisht/MG5_aMC_v2_9_18/HEPTools/zlib/include 
g++ src/ColourReconnection.cc -o tmp/ColourReconnection.o -c -MD -Iinclude -ldl -fPIC -lstdc++ -std=c++11 -O2 -pthread -DHEPMC2HACK -DHEPMC2 -DGZIP -I/data/dust/user/vashisht/MG5_aMC_v2_9_18/HEPTools/zlib/include 
g++ src/ColourTracing.cc -o tmp/ColourTracing.o -c -MD -Iinclude -ldl -fPIC -lstdc++ -std=c++11 -O2 -pthread -DHEPMC2HACK -DHEPMC2 -DGZIP -I/data/dust/user/vashisht/MG5_aMC_v2_9_18/HEPTools/zlib/include 
g++ src/DeuteronProduction.cc -o tmp/DeuteronProduction.o -c -MD -Iinclude -ldl -fPIC -lstdc++ -std=c++11 -O2 -pthread -DHEPMC2HACK -DHEPMC2 -DGZIP -I/data/dust/user/vashisht/MG5_aMC_v2_9_18/HEPTools/zlib/include 
g++ src/Dire.cc -o tmp/Dire.o -c -MD -Iinclude -ldl -fPIC -lstdc++ -std=c++11 -O2 -pthread -DHEPMC2HACK -DHEPMC2 -DGZIP -I/data/dust/user/vashisht/MG5_aMC_v2_9_18/HEPTools/zlib/include 
g++ src/DireBasics.cc -o tmp/DireBasics.o -c -MD -Iinclude -ldl -fPIC -lstdc++ -std=c++11 -O2 -pthread -DHEPMC2HACK -DHEPMC2 -DGZIP -I/data/dust/user/vashisht/MG5_aMC_v2_9_18/HEPTools/zlib/include 
g++ src/DireHistory.cc -o tmp/DireHistory.o -c -MD -Iinclude -ldl -fPIC -lstdc++ -std=c++11 -O2 -pthread -DHEPMC2HACK -DHEPMC2 -DGZIP -I/data/dust/user/vashisht/MG5_aMC_v2_9_18/HEPTools/zlib/include 
g++ src/DireMerging.cc -o tmp/DireMerging.o -c -MD -Iinclude -ldl -fPIC -lstdc++ -std=c++11 -O2 -pthread -DHEPMC2HACK -DHEPMC2 -DGZIP -I/data/dust/user/vashisht/MG5_aMC_v2_9_18/HEPTools/zlib/include 
g++ src/DireMergingHooks.cc -o tmp/DireMergingHooks.o -c -MD -Iinclude -ldl -fPIC -lstdc++ -std=c++11 -O2 -pthread -DHEPMC2HACK -DHEPMC2 -DGZIP -I/data/dust/user/vashisht/MG5_aMC_v2_9_18/HEPTools/zlib/include 
g++ src/DireSpace.cc -o tmp/DireSpace.o -c -MD -Iinclude -ldl -fPIC -lstdc++ -std=c++11 -O2 -pthread -DHEPMC2HACK -DHEPMC2 -DGZIP -I/data/dust/user/vashisht/MG5_aMC_v2_9_18/HEPTools/zlib/include 
g++ src/DireSplitInfo.cc -o tmp/DireSplitInfo.o -c -MD -Iinclude -ldl -fPIC -lstdc++ -std=c++11 -O2 -pthread -DHEPMC2HACK -DHEPMC2 -DGZIP -I/data/dust/user/vashisht/MG5_aMC_v2_9_18/HEPTools/zlib/include 
g++ src/DireSplittingLibrary.cc -o tmp/DireSplittingLibrary.o -c -MD -Iinclude -ldl -fPIC -lstdc++ -std=c++11 -O2 -pthread -DHEPMC2HACK -DHEPMC2 -DGZIP -I/data/dust/user/vashisht/MG5_aMC_v2_9_18/HEPTools/zlib/include 
g++ src/DireSplittings.cc -o tmp/DireSplittings.o -c -MD -Iinclude -ldl -fPIC -lstdc++ -std=c++11 -O2 -pthread -DHEPMC2HACK -DHEPMC2 -DGZIP -I/data/dust/user/vashisht/MG5_aMC_v2_9_18/HEPTools/zlib/include 
g++ src/DireSplittingsEW.cc -o tmp/DireSplittingsEW.o -c -MD -Iinclude -ldl -fPIC -lstdc++ -std=c++11 -O2 -pthread -DHEPMC2HACK -DHEPMC2 -DGZIP -I/data/dust/user/vashisht/MG5_aMC_v2_9_18/HEPTools/zlib/include 
g++ src/DireSplittingsQCD.cc -o tmp/DireSplittingsQCD.o -c -MD -Iinclude -ldl -fPIC -lstdc++ -std=c++11 -O2 -pthread -DHEPMC2HACK -DHEPMC2 -DGZIP -I/data/dust/user/vashisht/MG5_aMC_v2_9_18/HEPTools/zlib/include 
g++ src/DireSplittingsQED.cc -o tmp/DireSplittingsQED.o -c -MD -Iinclude -ldl -fPIC -lstdc++ -std=c++11 -O2 -pthread -DHEPMC2HACK -DHEPMC2 -DGZIP -I/data/dust/user/vashisht/MG5_aMC_v2_9_18/HEPTools/zlib/include 
g++ src/DireSplittingsU1new.cc -o tmp/DireSplittingsU1new.o -c -MD -Iinclude -ldl -fPIC -lstdc++ -std=c++11 -O2 -pthread -DHEPMC2HACK -DHEPMC2 -DGZIP -I/data/dust/user/vashisht/MG5_aMC_v2_9_18/HEPTools/zlib/include 
g++ src/DireTimes.cc -o tmp/DireTimes.o -c -MD -Iinclude -ldl -fPIC -lstdc++ -std=c++11 -O2 -pthread -DHEPMC2HACK -DHEPMC2 -DGZIP -I/data/dust/user/vashisht/MG5_aMC_v2_9_18/HEPTools/zlib/include 
g++ src/DireWeightContainer.cc -o tmp/DireWeightContainer.o -c -MD -Iinclude -ldl -fPIC -lstdc++ -std=c++11 -O2 -pthread -DHEPMC2HACK -DHEPMC2 -DGZIP -I/data/dust/user/vashisht/MG5_aMC_v2_9_18/HEPTools/zlib/include 
g++ src/Event.cc -o tmp/Event.o -c -MD -Iinclude -ldl -fPIC -lstdc++ -std=c++11 -O2 -pthread -DHEPMC2HACK -DHEPMC2 -DGZIP -I/data/dust/user/vashisht/MG5_aMC_v2_9_18/HEPTools/zlib/include 
g++ src/ExternalMEs.cc -o tmp/ExternalMEs.o -c -MD -Iinclude -ldl -fPIC -lstdc++ -std=c++11 -O2 -pthread -DHEPMC2HACK -DHEPMC2 -DGZIP -I/data/dust/user/vashisht/MG5_aMC_v2_9_18/HEPTools/zlib/include 
g++ src/FJcore.cc -o tmp/FJcore.o -c -MD -Iinclude -ldl -fPIC -lstdc++ -std=c++11 -O2 -pthread -DHEPMC2HACK -DHEPMC2 -DGZIP -I/data/dust/user/vashisht/MG5_aMC_v2_9_18/HEPTools/zlib/include  -DFJCORE_HAVE_LIMITED_THREAD_SAFETY
g++ src/FragmentationFlavZpT.cc -o tmp/FragmentationFlavZpT.o -c -MD -Iinclude -ldl -fPIC -lstdc++ -std=c++11 -O2 -pthread -DHEPMC2HACK -DHEPMC2 -DGZIP -I/data/dust/user/vashisht/MG5_aMC_v2_9_18/HEPTools/zlib/include 
g++ src/FragmentationModel.cc -o tmp/FragmentationModel.o -c -MD -Iinclude -ldl -fPIC -lstdc++ -std=c++11 -O2 -pthread -DHEPMC2HACK -DHEPMC2 -DGZIP -I/data/dust/user/vashisht/MG5_aMC_v2_9_18/HEPTools/zlib/include 
g++ src/FragmentationSystems.cc -o tmp/FragmentationSystems.o -c -MD -Iinclude -ldl -fPIC -lstdc++ -std=c++11 -O2 -pthread -DHEPMC2HACK -DHEPMC2 -DGZIP -I/data/dust/user/vashisht/MG5_aMC_v2_9_18/HEPTools/zlib/include 
g++ src/GammaKinematics.cc -o tmp/GammaKinematics.o -c -MD -Iinclude -ldl -fPIC -lstdc++ -std=c++11 -O2 -pthread -DHEPMC2HACK -DHEPMC2 -DGZIP -I/data/dust/user/vashisht/MG5_aMC_v2_9_18/HEPTools/zlib/include 
g++ src/HIInfo.cc -o tmp/HIInfo.o -c -MD -Iinclude -ldl -fPIC -lstdc++ -std=c++11 -O2 -pthread -DHEPMC2HACK -DHEPMC2 -DGZIP -I/data/dust/user/vashisht/MG5_aMC_v2_9_18/HEPTools/zlib/include 
g++ src/HINucleusModel.cc -o tmp/HINucleusModel.o -c -MD -Iinclude -ldl -fPIC -lstdc++ -std=c++11 -O2 -pthread -DHEPMC2HACK -DHEPMC2 -DGZIP -I/data/dust/user/vashisht/MG5_aMC_v2_9_18/HEPTools/zlib/include 
g++ src/HISubCollisionModel.cc -o tmp/HISubCollisionModel.o -c -MD -Iinclude -ldl -fPIC -lstdc++ -std=c++11 -O2 -pthread -DHEPMC2HACK -DHEPMC2 -DGZIP -I/data/dust/user/vashisht/MG5_aMC_v2_9_18/HEPTools/zlib/include 
g++ src/HadronLevel.cc -o tmp/HadronLevel.o -c -MD -Iinclude -ldl -fPIC -lstdc++ -std=c++11 -O2 -pthread -DHEPMC2HACK -DHEPMC2 -DGZIP -I/data/dust/user/vashisht/MG5_aMC_v2_9_18/HEPTools/zlib/include 
g++ src/HadronWidths.cc -o tmp/HadronWidths.o -c -MD -Iinclude -ldl -fPIC -lstdc++ -std=c++11 -O2 -pthread -DHEPMC2HACK -DHEPMC2 -DGZIP -I/data/dust/user/vashisht/MG5_aMC_v2_9_18/HEPTools/zlib/include 
g++ src/HardDiffraction.cc -o tmp/HardDiffraction.o -c -MD -Iinclude -ldl -fPIC -lstdc++ -std=c++11 -O2 -pthread -DHEPMC2HACK -DHEPMC2 -DGZIP -I/data/dust/user/vashisht/MG5_aMC_v2_9_18/HEPTools/zlib/include 
g++ src/HeavyIons.cc -o tmp/HeavyIons.o -c -MD -Iinclude -ldl -fPIC -lstdc++ -std=c++11 -O2 -pthread -DHEPMC2HACK -DHEPMC2 -DGZIP -I/data/dust/user/vashisht/MG5_aMC_v2_9_18/HEPTools/zlib/include 
g++ src/HelicityBasics.cc -o tmp/HelicityBasics.o -c -MD -Iinclude -ldl -fPIC -lstdc++ -std=c++11 -O2 -pthread -DHEPMC2HACK -DHEPMC2 -DGZIP -I/data/dust/user/vashisht/MG5_aMC_v2_9_18/HEPTools/zlib/include 
g++ src/HelicityMatrixElements.cc -o tmp/HelicityMatrixElements.o -c -MD -Iinclude -ldl -fPIC -lstdc++ -std=c++11 -O2 -pthread -DHEPMC2HACK -DHEPMC2 -DGZIP -I/data/dust/user/vashisht/MG5_aMC_v2_9_18/HEPTools/zlib/include 
g++ src/HiddenValleyFragmentation.cc -o tmp/HiddenValleyFragmentation.o -c -MD -Iinclude -ldl -fPIC -lstdc++ -std=c++11 -O2 -pthread -DHEPMC2HACK -DHEPMC2 -DGZIP -I/data/dust/user/vashisht/MG5_aMC_v2_9_18/HEPTools/zlib/include 
g++ src/History.cc -o tmp/History.o -c -MD -Iinclude -ldl -fPIC -lstdc++ -std=c++11 -O2 -pthread -DHEPMC2HACK -DHEPMC2 -DGZIP -I/data/dust/user/vashisht/MG5_aMC_v2_9_18/HEPTools/zlib/include 
g++ src/Info.cc -o tmp/Info.o -c -MD -Iinclude -ldl -fPIC -lstdc++ -std=c++11 -O2 -pthread -DHEPMC2HACK -DHEPMC2 -DGZIP -I/data/dust/user/vashisht/MG5_aMC_v2_9_18/HEPTools/zlib/include 
g++ src/JunctionSplitting.cc -o tmp/JunctionSplitting.o -c -MD -Iinclude -ldl -fPIC -lstdc++ -std=c++11 -O2 -pthread -DHEPMC2HACK -DHEPMC2 -DGZIP -I/data/dust/user/vashisht/MG5_aMC_v2_9_18/HEPTools/zlib/include 
g++ src/LHEF3.cc -o tmp/LHEF3.o -c -MD -Iinclude -ldl -fPIC -lstdc++ -std=c++11 -O2 -pthread -DHEPMC2HACK -DHEPMC2 -DGZIP -I/data/dust/user/vashisht/MG5_aMC_v2_9_18/HEPTools/zlib/include 
g++ src/LesHouches.cc -o tmp/LesHouches.o -c -MD -Iinclude -ldl -fPIC -lstdc++ -std=c++11 -O2 -pthread -DHEPMC2HACK -DHEPMC2 -DGZIP -I/data/dust/user/vashisht/MG5_aMC_v2_9_18/HEPTools/zlib/include 
g++ src/Logger.cc -o tmp/Logger.o -c -MD -Iinclude -ldl -fPIC -lstdc++ -std=c++11 -O2 -pthread -DHEPMC2HACK -DHEPMC2 -DGZIP -I/data/dust/user/vashisht/MG5_aMC_v2_9_18/HEPTools/zlib/include 
g++ src/LowEnergyProcess.cc -o tmp/LowEnergyProcess.o -c -MD -Iinclude -ldl -fPIC -lstdc++ -std=c++11 -O2 -pthread -DHEPMC2HACK -DHEPMC2 -DGZIP -I/data/dust/user/vashisht/MG5_aMC_v2_9_18/HEPTools/zlib/include 
g++ src/MathTools.cc -o tmp/MathTools.o -c -MD -Iinclude -ldl -fPIC -lstdc++ -std=c++11 -O2 -pthread -DHEPMC2HACK -DHEPMC2 -DGZIP -I/data/dust/user/vashisht/MG5_aMC_v2_9_18/HEPTools/zlib/include 
g++ src/Merging.cc -o tmp/Merging.o -c -MD -Iinclude -ldl -fPIC -lstdc++ -std=c++11 -O2 -pthread -DHEPMC2HACK -DHEPMC2 -DGZIP -I/data/dust/user/vashisht/MG5_aMC_v2_9_18/HEPTools/zlib/include 
g++ src/MergingHooks.cc -o tmp/MergingHooks.o -c -MD -Iinclude -ldl -fPIC -lstdc++ -std=c++11 -O2 -pthread -DHEPMC2HACK -DHEPMC2 -DGZIP -I/data/dust/user/vashisht/MG5_aMC_v2_9_18/HEPTools/zlib/include 
g++ src/MiniStringFragmentation.cc -o tmp/MiniStringFragmentation.o -c -MD -Iinclude -ldl -fPIC -lstdc++ -std=c++11 -O2 -pthread -DHEPMC2HACK -DHEPMC2 -DGZIP -I/data/dust/user/vashisht/MG5_aMC_v2_9_18/HEPTools/zlib/include 
g++ src/MultipartonInteractions.cc -o tmp/MultipartonInteractions.o -c -MD -Iinclude -ldl -fPIC -lstdc++ -std=c++11 -O2 -pthread -DHEPMC2HACK -DHEPMC2 -DGZIP -I/data/dust/user/vashisht/MG5_aMC_v2_9_18/HEPTools/zlib/include 
g++ src/NucleonExcitations.cc -o tmp/NucleonExcitations.o -c -MD -Iinclude -ldl -fPIC -lstdc++ -std=c++11 -O2 -pthread -DHEPMC2HACK -DHEPMC2 -DGZIP -I/data/dust/user/vashisht/MG5_aMC_v2_9_18/HEPTools/zlib/include 
g++ src/ParticleData.cc -o tmp/ParticleData.o -c -MD -Iinclude -ldl -fPIC -lstdc++ -std=c++11 -O2 -pthread -DHEPMC2HACK -DHEPMC2 -DGZIP -I/data/dust/user/vashisht/MG5_aMC_v2_9_18/HEPTools/zlib/include 
g++ src/ParticleDecays.cc -o tmp/ParticleDecays.o -c -MD -Iinclude -ldl -fPIC -lstdc++ -std=c++11 -O2 -pthread -DHEPMC2HACK -DHEPMC2 -DGZIP -I/data/dust/user/vashisht/MG5_aMC_v2_9_18/HEPTools/zlib/include 
g++ src/PartonDistributions.cc -o tmp/PartonDistributions.o -c -MD -Iinclude -ldl -fPIC -lstdc++ -std=c++11 -O2 -pthread -DHEPMC2HACK -DHEPMC2 -DGZIP -I/data/dust/user/vashisht/MG5_aMC_v2_9_18/HEPTools/zlib/include 
g++ src/PartonLevel.cc -o tmp/PartonLevel.o -c -MD -Iinclude -ldl -fPIC -lstdc++ -std=c++11 -O2 -pthread -DHEPMC2HACK -DHEPMC2 -DGZIP -I/data/dust/user/vashisht/MG5_aMC_v2_9_18/HEPTools/zlib/include 
g++ src/PartonSystems.cc -o tmp/PartonSystems.o -c -MD -Iinclude -ldl -fPIC -lstdc++ -std=c++11 -O2 -pthread -DHEPMC2HACK -DHEPMC2 -DGZIP -I/data/dust/user/vashisht/MG5_aMC_v2_9_18/HEPTools/zlib/include 
g++ src/PartonVertex.cc -o tmp/PartonVertex.o -c -MD -Iinclude -ldl -fPIC -lstdc++ -std=c++11 -O2 -pthread -DHEPMC2HACK -DHEPMC2 -DGZIP -I/data/dust/user/vashisht/MG5_aMC_v2_9_18/HEPTools/zlib/include 
g++ src/PhaseSpace.cc -o tmp/PhaseSpace.o -c -MD -Iinclude -ldl -fPIC -lstdc++ -std=c++11 -O2 -pthread -DHEPMC2HACK -DHEPMC2 -DGZIP -I/data/dust/user/vashisht/MG5_aMC_v2_9_18/HEPTools/zlib/include 
g++ src/PhysicsBase.cc -o tmp/PhysicsBase.o -c -MD -Iinclude -ldl -fPIC -lstdc++ -std=c++11 -O2 -pthread -DHEPMC2HACK -DHEPMC2 -DGZIP -I/data/dust/user/vashisht/MG5_aMC_v2_9_18/HEPTools/zlib/include 
g++ src/Plugins.cc -o tmp/Plugins.o -c -MD -Iinclude -ldl -fPIC -lstdc++ -std=c++11 -O2 -pthread -DHEPMC2HACK -DHEPMC2 -DGZIP -I/data/dust/user/vashisht/MG5_aMC_v2_9_18/HEPTools/zlib/include 
g++ src/ProcessContainer.cc -o tmp/ProcessContainer.o -c -MD -Iinclude -ldl -fPIC -lstdc++ -std=c++11 -O2 -pthread -DHEPMC2HACK -DHEPMC2 -DGZIP -I/data/dust/user/vashisht/MG5_aMC_v2_9_18/HEPTools/zlib/include 
g++ src/ProcessLevel.cc -o tmp/ProcessLevel.o -c -MD -Iinclude -ldl -fPIC -lstdc++ -std=c++11 -O2 -pthread -DHEPMC2HACK -DHEPMC2 -DGZIP -I/data/dust/user/vashisht/MG5_aMC_v2_9_18/HEPTools/zlib/include 
g++ src/Pythia.cc -o tmp/Pythia.o -c -MD -Iinclude -ldl -fPIC -lstdc++ -std=c++11 -O2 -pthread -DHEPMC2HACK -DHEPMC2 -DGZIP -I/data/dust/user/vashisht/MG5_aMC_v2_9_18/HEPTools/zlib/include  -DXMLDIR=\"/data/dust/user/vashisht/MG5_aMC_v2_9_18/HEPTools/pythia8//share/Pythia8/xmldoc\"
g++ src/PythiaParallel.cc -o tmp/PythiaParallel.o -c -MD -Iinclude -ldl -fPIC -lstdc++ -std=c++11 -O2 -pthread -DHEPMC2HACK -DHEPMC2 -DGZIP -I/data/dust/user/vashisht/MG5_aMC_v2_9_18/HEPTools/zlib/include 
g++ src/PythiaStdlib.cc -o tmp/PythiaStdlib.o -c -MD -Iinclude -ldl -fPIC -lstdc++ -std=c++11 -O2 -pthread -DHEPMC2HACK -DHEPMC2 -DGZIP -I/data/dust/user/vashisht/MG5_aMC_v2_9_18/HEPTools/zlib/include 
g++ src/RHadrons.cc -o tmp/RHadrons.o -c -MD -Iinclude -ldl -fPIC -lstdc++ -std=c++11 -O2 -pthread -DHEPMC2HACK -DHEPMC2 -DGZIP -I/data/dust/user/vashisht/MG5_aMC_v2_9_18/HEPTools/zlib/include 
g++ src/ResonanceDecays.cc -o tmp/ResonanceDecays.o -c -MD -Iinclude -ldl -fPIC -lstdc++ -std=c++11 -O2 -pthread -DHEPMC2HACK -DHEPMC2 -DGZIP -I/data/dust/user/vashisht/MG5_aMC_v2_9_18/HEPTools/zlib/include 
g++ src/ResonanceWidths.cc -o tmp/ResonanceWidths.o -c -MD -Iinclude -ldl -fPIC -lstdc++ -std=c++11 -O2 -pthread -DHEPMC2HACK -DHEPMC2 -DGZIP -I/data/dust/user/vashisht/MG5_aMC_v2_9_18/HEPTools/zlib/include 
g++ src/ResonanceWidthsDM.cc -o tmp/ResonanceWidthsDM.o -c -MD -Iinclude -ldl -fPIC -lstdc++ -std=c++11 -O2 -pthread -DHEPMC2HACK -DHEPMC2 -DGZIP -I/data/dust/user/vashisht/MG5_aMC_v2_9_18/HEPTools/zlib/include 
g++ src/Ropewalk.cc -o tmp/Ropewalk.o -c -MD -Iinclude -ldl -fPIC -lstdc++ -std=c++11 -O2 -pthread -DHEPMC2HACK -DHEPMC2 -DGZIP -I/data/dust/user/vashisht/MG5_aMC_v2_9_18/HEPTools/zlib/include 
g++ src/SLHAinterface.cc -o tmp/SLHAinterface.o -c -MD -Iinclude -ldl -fPIC -lstdc++ -std=c++11 -O2 -pthread -DHEPMC2HACK -DHEPMC2 -DGZIP -I/data/dust/user/vashisht/MG5_aMC_v2_9_18/HEPTools/zlib/include 
g++ src/Settings.cc -o tmp/Settings.o -c -MD -Iinclude -ldl -fPIC -lstdc++ -std=c++11 -O2 -pthread -DHEPMC2HACK -DHEPMC2 -DGZIP -I/data/dust/user/vashisht/MG5_aMC_v2_9_18/HEPTools/zlib/include 
g++ src/ShowerModel.cc -o tmp/ShowerModel.o -c -MD -Iinclude -ldl -fPIC -lstdc++ -std=c++11 -O2 -pthread -DHEPMC2HACK -DHEPMC2 -DGZIP -I/data/dust/user/vashisht/MG5_aMC_v2_9_18/HEPTools/zlib/include 
g++ src/SigmaCompositeness.cc -o tmp/SigmaCompositeness.o -c -MD -Iinclude -ldl -fPIC -lstdc++ -std=c++11 -O2 -pthread -DHEPMC2HACK -DHEPMC2 -DGZIP -I/data/dust/user/vashisht/MG5_aMC_v2_9_18/HEPTools/zlib/include 
g++ src/SigmaDM.cc -o tmp/SigmaDM.o -c -MD -Iinclude -ldl -fPIC -lstdc++ -std=c++11 -O2 -pthread -DHEPMC2HACK -DHEPMC2 -DGZIP -I/data/dust/user/vashisht/MG5_aMC_v2_9_18/HEPTools/zlib/include 
g++ src/SigmaEW.cc -o tmp/SigmaEW.o -c -MD -Iinclude -ldl -fPIC -lstdc++ -std=c++11 -O2 -pthread -DHEPMC2HACK -DHEPMC2 -DGZIP -I/data/dust/user/vashisht/MG5_aMC_v2_9_18/HEPTools/zlib/include 
g++ src/SigmaExtraDim.cc -o tmp/SigmaExtraDim.o -c -MD -Iinclude -ldl -fPIC -lstdc++ -std=c++11 -O2 -pthread -DHEPMC2HACK -DHEPMC2 -DGZIP -I/data/dust/user/vashisht/MG5_aMC_v2_9_18/HEPTools/zlib/include 
g++ src/SigmaGeneric.cc -o tmp/SigmaGeneric.o -c -MD -Iinclude -ldl -fPIC -lstdc++ -std=c++11 -O2 -pthread -DHEPMC2HACK -DHEPMC2 -DGZIP -I/data/dust/user/vashisht/MG5_aMC_v2_9_18/HEPTools/zlib/include 
g++ src/SigmaHiggs.cc -o tmp/SigmaHiggs.o -c -MD -Iinclude -ldl -fPIC -lstdc++ -std=c++11 -O2 -pthread -DHEPMC2HACK -DHEPMC2 -DGZIP -I/data/dust/user/vashisht/MG5_aMC_v2_9_18/HEPTools/zlib/include 
g++ src/SigmaLeftRightSym.cc -o tmp/SigmaLeftRightSym.o -c -MD -Iinclude -ldl -fPIC -lstdc++ -std=c++11 -O2 -pthread -DHEPMC2HACK -DHEPMC2 -DGZIP -I/data/dust/user/vashisht/MG5_aMC_v2_9_18/HEPTools/zlib/include 
g++ src/SigmaLeptoquark.cc -o tmp/SigmaLeptoquark.o -c -MD -Iinclude -ldl -fPIC -lstdc++ -std=c++11 -O2 -pthread -DHEPMC2HACK -DHEPMC2 -DGZIP -I/data/dust/user/vashisht/MG5_aMC_v2_9_18/HEPTools/zlib/include 
g++ src/SigmaLowEnergy.cc -o tmp/SigmaLowEnergy.o -c -MD -Iinclude -ldl -fPIC -lstdc++ -std=c++11 -O2 -pthread -DHEPMC2HACK -DHEPMC2 -DGZIP -I/data/dust/user/vashisht/MG5_aMC_v2_9_18/HEPTools/zlib/include 
g++ src/SigmaNewGaugeBosons.cc -o tmp/SigmaNewGaugeBosons.o -c -MD -Iinclude -ldl -fPIC -lstdc++ -std=c++11 -O2 -pthread -DHEPMC2HACK -DHEPMC2 -DGZIP -I/data/dust/user/vashisht/MG5_aMC_v2_9_18/HEPTools/zlib/include 
g++ src/SigmaOnia.cc -o tmp/SigmaOnia.o -c -MD -Iinclude -ldl -fPIC -lstdc++ -std=c++11 -O2 -pthread -DHEPMC2HACK -DHEPMC2 -DGZIP -I/data/dust/user/vashisht/MG5_aMC_v2_9_18/HEPTools/zlib/include 
g++ src/SigmaProcess.cc -o tmp/SigmaProcess.o -c -MD -Iinclude -ldl -fPIC -lstdc++ -std=c++11 -O2 -pthread -DHEPMC2HACK -DHEPMC2 -DGZIP -I/data/dust/user/vashisht/MG5_aMC_v2_9_18/HEPTools/zlib/include 
g++ src/SigmaQCD.cc -o tmp/SigmaQCD.o -c -MD -Iinclude -ldl -fPIC -lstdc++ -std=c++11 -O2 -pthread -DHEPMC2HACK -DHEPMC2 -DGZIP -I/data/dust/user/vashisht/MG5_aMC_v2_9_18/HEPTools/zlib/include 
g++ src/SigmaSUSY.cc -o tmp/SigmaSUSY.o -c -MD -Iinclude -ldl -fPIC -lstdc++ -std=c++11 -O2 -pthread -DHEPMC2HACK -DHEPMC2 -DGZIP -I/data/dust/user/vashisht/MG5_aMC_v2_9_18/HEPTools/zlib/include 
g++ src/SigmaTotal.cc -o tmp/SigmaTotal.o -c -MD -Iinclude -ldl -fPIC -lstdc++ -std=c++11 -O2 -pthread -DHEPMC2HACK -DHEPMC2 -DGZIP -I/data/dust/user/vashisht/MG5_aMC_v2_9_18/HEPTools/zlib/include 
g++ src/SimpleSpaceShower.cc -o tmp/SimpleSpaceShower.o -c -MD -Iinclude -ldl -fPIC -lstdc++ -std=c++11 -O2 -pthread -DHEPMC2HACK -DHEPMC2 -DGZIP -I/data/dust/user/vashisht/MG5_aMC_v2_9_18/HEPTools/zlib/include 
g++ src/SimpleTimeShower.cc -o tmp/SimpleTimeShower.o -c -MD -Iinclude -ldl -fPIC -lstdc++ -std=c++11 -O2 -pthread -DHEPMC2HACK -DHEPMC2 -DGZIP -I/data/dust/user/vashisht/MG5_aMC_v2_9_18/HEPTools/zlib/include 
g++ src/SimpleWeakShowerMEs.cc -o tmp/SimpleWeakShowerMEs.o -c -MD -Iinclude -ldl -fPIC -lstdc++ -std=c++11 -O2 -pthread -DHEPMC2HACK -DHEPMC2 -DGZIP -I/data/dust/user/vashisht/MG5_aMC_v2_9_18/HEPTools/zlib/include 
g++ src/SplittingsOnia.cc -o tmp/SplittingsOnia.o -c -MD -Iinclude -ldl -fPIC -lstdc++ -std=c++11 -O2 -pthread -DHEPMC2HACK -DHEPMC2 -DGZIP -I/data/dust/user/vashisht/MG5_aMC_v2_9_18/HEPTools/zlib/include 
g++ src/StandardModel.cc -o tmp/StandardModel.o -c -MD -Iinclude -ldl -fPIC -lstdc++ -std=c++11 -O2 -pthread -DHEPMC2HACK -DHEPMC2 -DGZIP -I/data/dust/user/vashisht/MG5_aMC_v2_9_18/HEPTools/zlib/include 
g++ src/Streams.cc -o tmp/Streams.o -c -MD -Iinclude -ldl -fPIC -lstdc++ -std=c++11 -O2 -pthread -DHEPMC2HACK -DHEPMC2 -DGZIP -I/data/dust/user/vashisht/MG5_aMC_v2_9_18/HEPTools/zlib/include 
g++ src/StringFragmentation.cc -o tmp/StringFragmentation.o -c -MD -Iinclude -ldl -fPIC -lstdc++ -std=c++11 -O2 -pthread -DHEPMC2HACK -DHEPMC2 -DGZIP -I/data/dust/user/vashisht/MG5_aMC_v2_9_18/HEPTools/zlib/include 
g++ src/StringInteractions.cc -o tmp/StringInteractions.o -c -MD -Iinclude -ldl -fPIC -lstdc++ -std=c++11 -O2 -pthread -DHEPMC2HACK -DHEPMC2 -DGZIP -I/data/dust/user/vashisht/MG5_aMC_v2_9_18/HEPTools/zlib/include 
g++ src/StringLength.cc -o tmp/StringLength.o -c -MD -Iinclude -ldl -fPIC -lstdc++ -std=c++11 -O2 -pthread -DHEPMC2HACK -DHEPMC2 -DGZIP -I/data/dust/user/vashisht/MG5_aMC_v2_9_18/HEPTools/zlib/include 
g++ src/SusyCouplings.cc -o tmp/SusyCouplings.o -c -MD -Iinclude -ldl -fPIC -lstdc++ -std=c++11 -O2 -pthread -DHEPMC2HACK -DHEPMC2 -DGZIP -I/data/dust/user/vashisht/MG5_aMC_v2_9_18/HEPTools/zlib/include 
g++ src/SusyLesHouches.cc -o tmp/SusyLesHouches.o -c -MD -Iinclude -ldl -fPIC -lstdc++ -std=c++11 -O2 -pthread -DHEPMC2HACK -DHEPMC2 -DGZIP -I/data/dust/user/vashisht/MG5_aMC_v2_9_18/HEPTools/zlib/include 
g++ src/SusyResonanceWidths.cc -o tmp/SusyResonanceWidths.o -c -MD -Iinclude -ldl -fPIC -lstdc++ -std=c++11 -O2 -pthread -DHEPMC2HACK -DHEPMC2 -DGZIP -I/data/dust/user/vashisht/MG5_aMC_v2_9_18/HEPTools/zlib/include 
g++ src/SusyWidthFunctions.cc -o tmp/SusyWidthFunctions.o -c -MD -Iinclude -ldl -fPIC -lstdc++ -std=c++11 -O2 -pthread -DHEPMC2HACK -DHEPMC2 -DGZIP -I/data/dust/user/vashisht/MG5_aMC_v2_9_18/HEPTools/zlib/include 
g++ src/TauDecays.cc -o tmp/TauDecays.o -c -MD -Iinclude -ldl -fPIC -lstdc++ -std=c++11 -O2 -pthread -DHEPMC2HACK -DHEPMC2 -DGZIP -I/data/dust/user/vashisht/MG5_aMC_v2_9_18/HEPTools/zlib/include 
g++ src/UserHooks.cc -o tmp/UserHooks.o -c -MD -Iinclude -ldl -fPIC -lstdc++ -std=c++11 -O2 -pthread -DHEPMC2HACK -DHEPMC2 -DGZIP -I/data/dust/user/vashisht/MG5_aMC_v2_9_18/HEPTools/zlib/include 
g++ src/Vincia.cc -o tmp/Vincia.o -c -MD -Iinclude -ldl -fPIC -lstdc++ -std=c++11 -O2 -pthread -DHEPMC2HACK -DHEPMC2 -DGZIP -I/data/dust/user/vashisht/MG5_aMC_v2_9_18/HEPTools/zlib/include 
g++ src/VinciaAntennaFunctions.cc -o tmp/VinciaAntennaFunctions.o -c -MD -Iinclude -ldl -fPIC -lstdc++ -std=c++11 -O2 -pthread -DHEPMC2HACK -DHEPMC2 -DGZIP -I/data/dust/user/vashisht/MG5_aMC_v2_9_18/HEPTools/zlib/include 
g++ src/VinciaCommon.cc -o tmp/VinciaCommon.o -c -MD -Iinclude -ldl -fPIC -lstdc++ -std=c++11 -O2 -pthread -DHEPMC2HACK -DHEPMC2 -DGZIP -I/data/dust/user/vashisht/MG5_aMC_v2_9_18/HEPTools/zlib/include 
g++ src/VinciaDiagnostics.cc -o tmp/VinciaDiagnostics.o -c -MD -Iinclude -ldl -fPIC -lstdc++ -std=c++11 -O2 -pthread -DHEPMC2HACK -DHEPMC2 -DGZIP -I/data/dust/user/vashisht/MG5_aMC_v2_9_18/HEPTools/zlib/include 
g++ src/VinciaEW.cc -o tmp/VinciaEW.o -c -MD -Iinclude -ldl -fPIC -lstdc++ -std=c++11 -O2 -pthread -DHEPMC2HACK -DHEPMC2 -DGZIP -I/data/dust/user/vashisht/MG5_aMC_v2_9_18/HEPTools/zlib/include 
g++ src/VinciaFSR.cc -o tmp/VinciaFSR.o -c -MD -Iinclude -ldl -fPIC -lstdc++ -std=c++11 -O2 -pthread -DHEPMC2HACK -DHEPMC2 -DGZIP -I/data/dust/user/vashisht/MG5_aMC_v2_9_18/HEPTools/zlib/include 
g++ src/VinciaHistory.cc -o tmp/VinciaHistory.o -c -MD -Iinclude -ldl -fPIC -lstdc++ -std=c++11 -O2 -pthread -DHEPMC2HACK -DHEPMC2 -DGZIP -I/data/dust/user/vashisht/MG5_aMC_v2_9_18/HEPTools/zlib/include 
g++ src/VinciaISR.cc -o tmp/VinciaISR.o -c -MD -Iinclude -ldl -fPIC -lstdc++ -std=c++11 -O2 -pthread -DHEPMC2HACK -DHEPMC2 -DGZIP -I/data/dust/user/vashisht/MG5_aMC_v2_9_18/HEPTools/zlib/include 
g++ src/VinciaMerging.cc -o tmp/VinciaMerging.o -c -MD -Iinclude -ldl -fPIC -lstdc++ -std=c++11 -O2 -pthread -DHEPMC2HACK -DHEPMC2 -DGZIP -I/data/dust/user/vashisht/MG5_aMC_v2_9_18/HEPTools/zlib/include 
g++ src/VinciaMergingHooks.cc -o tmp/VinciaMergingHooks.o -c -MD -Iinclude -ldl -fPIC -lstdc++ -std=c++11 -O2 -pthread -DHEPMC2HACK -DHEPMC2 -DGZIP -I/data/dust/user/vashisht/MG5_aMC_v2_9_18/HEPTools/zlib/include 
g++ src/VinciaQED.cc -o tmp/VinciaQED.o -c -MD -Iinclude -ldl -fPIC -lstdc++ -std=c++11 -O2 -pthread -DHEPMC2HACK -DHEPMC2 -DGZIP -I/data/dust/user/vashisht/MG5_aMC_v2_9_18/HEPTools/zlib/include 
g++ src/VinciaTrialGenerators.cc -o tmp/VinciaTrialGenerators.o -c -MD -Iinclude -ldl -fPIC -lstdc++ -std=c++11 -O2 -pthread -DHEPMC2HACK -DHEPMC2 -DGZIP -I/data/dust/user/vashisht/MG5_aMC_v2_9_18/HEPTools/zlib/include 
g++ src/VinciaWeights.cc -o tmp/VinciaWeights.o -c -MD -Iinclude -ldl -fPIC -lstdc++ -std=c++11 -O2 -pthread -DHEPMC2HACK -DHEPMC2 -DGZIP -I/data/dust/user/vashisht/MG5_aMC_v2_9_18/HEPTools/zlib/include 
g++ src/Weights.cc -o tmp/Weights.o -c -MD -Iinclude -ldl -fPIC -lstdc++ -std=c++11 -O2 -pthread -DHEPMC2HACK -DHEPMC2 -DGZIP -I/data/dust/user/vashisht/MG5_aMC_v2_9_18/HEPTools/zlib/include 
ar cr lib/libpythia8.a tmp/Analysis.o tmp/Basics.o tmp/BeamParticle.o tmp/BeamRemnants.o tmp/BeamSetup.o tmp/BeamShape.o tmp/BoseEinstein.o tmp/ColourReconnection.o tmp/ColourTracing.o tmp/DeuteronProduction.o tmp/Dire.o tmp/DireBasics.o tmp/DireHistory.o tmp/DireMerging.o tmp/DireMergingHooks.o tmp/DireSpace.o tmp/DireSplitInfo.o tmp/DireSplittingLibrary.o tmp/DireSplittings.o tmp/DireSplittingsEW.o tmp/DireSplittingsQCD.o tmp/DireSplittingsQED.o tmp/DireSplittingsU1new.o tmp/DireTimes.o tmp/DireWeightContainer.o tmp/Event.o tmp/ExternalMEs.o tmp/FJcore.o tmp/FragmentationFlavZpT.o tmp/FragmentationModel.o tmp/FragmentationSystems.o tmp/GammaKinematics.o tmp/HIInfo.o tmp/HINucleusModel.o tmp/HISubCollisionModel.o tmp/HadronLevel.o tmp/HadronWidths.o tmp/HardDiffraction.o tmp/HeavyIons.o tmp/HelicityBasics.o tmp/HelicityMatrixElements.o tmp/HiddenValleyFragmentation.o tmp/History.o tmp/Info.o tmp/JunctionSplitting.o tmp/LHEF3.o tmp/LesHouches.o tmp/Logger.o tmp/LowEnergyProcess.o tmp/MathTools.o tmp/Merging.o tmp/MergingHooks.o tmp/MiniStringFragmentation.o tmp/MultipartonInteractions.o tmp/NucleonExcitations.o tmp/ParticleData.o tmp/ParticleDecays.o tmp/PartonDistributions.o tmp/PartonLevel.o tmp/PartonSystems.o tmp/PartonVertex.o tmp/PhaseSpace.o tmp/PhysicsBase.o tmp/Plugins.o tmp/ProcessContainer.o tmp/ProcessLevel.o tmp/Pythia.o tmp/PythiaParallel.o tmp/PythiaStdlib.o tmp/RHadrons.o tmp/ResonanceDecays.o tmp/ResonanceWidths.o tmp/ResonanceWidthsDM.o tmp/Ropewalk.o tmp/SLHAinterface.o tmp/Settings.o tmp/ShowerModel.o tmp/SigmaCompositeness.o tmp/SigmaDM.o tmp/SigmaEW.o tmp/SigmaExtraDim.o tmp/SigmaGeneric.o tmp/SigmaHiggs.o tmp/SigmaLeftRightSym.o tmp/SigmaLeptoquark.o tmp/SigmaLowEnergy.o tmp/SigmaNewGaugeBosons.o tmp/SigmaOnia.o tmp/SigmaProcess.o tmp/SigmaQCD.o tmp/SigmaSUSY.o tmp/SigmaTotal.o tmp/SimpleSpaceShower.o tmp/SimpleTimeShower.o tmp/SimpleWeakShowerMEs.o tmp/SplittingsOnia.o tmp/StandardModel.o tmp/Streams.o tmp/StringFragmentation.o tmp/StringInteractions.o tmp/StringLength.o tmp/SusyCouplings.o tmp/SusyLesHouches.o tmp/SusyResonanceWidths.o tmp/SusyWidthFunctions.o tmp/TauDecays.o tmp/UserHooks.o tmp/Vincia.o tmp/VinciaAntennaFunctions.o tmp/VinciaCommon.o tmp/VinciaDiagnostics.o tmp/VinciaEW.o tmp/VinciaFSR.o tmp/VinciaHistory.o tmp/VinciaISR.o tmp/VinciaMerging.o tmp/VinciaMergingHooks.o tmp/VinciaQED.o tmp/VinciaTrialGenerators.o tmp/VinciaWeights.o tmp/Weights.o
g++ tmp/Analysis.o tmp/Basics.o tmp/BeamParticle.o tmp/BeamRemnants.o tmp/BeamSetup.o tmp/BeamShape.o tmp/BoseEinstein.o tmp/ColourReconnection.o tmp/ColourTracing.o tmp/DeuteronProduction.o tmp/Dire.o tmp/DireBasics.o tmp/DireHistory.o tmp/DireMerging.o tmp/DireMergingHooks.o tmp/DireSpace.o tmp/DireSplitInfo.o tmp/DireSplittingLibrary.o tmp/DireSplittings.o tmp/DireSplittingsEW.o tmp/DireSplittingsQCD.o tmp/DireSplittingsQED.o tmp/DireSplittingsU1new.o tmp/DireTimes.o tmp/DireWeightContainer.o tmp/Event.o tmp/ExternalMEs.o tmp/FJcore.o tmp/FragmentationFlavZpT.o tmp/FragmentationModel.o tmp/FragmentationSystems.o tmp/GammaKinematics.o tmp/HIInfo.o tmp/HINucleusModel.o tmp/HISubCollisionModel.o tmp/HadronLevel.o tmp/HadronWidths.o tmp/HardDiffraction.o tmp/HeavyIons.o tmp/HelicityBasics.o tmp/HelicityMatrixElements.o tmp/HiddenValleyFragmentation.o tmp/History.o tmp/Info.o tmp/JunctionSplitting.o tmp/LHEF3.o tmp/LesHouches.o tmp/Logger.o tmp/LowEnergyProcess.o tmp/MathTools.o tmp/Merging.o tmp/MergingHooks.o tmp/MiniStringFragmentation.o tmp/MultipartonInteractions.o tmp/NucleonExcitations.o tmp/ParticleData.o tmp/ParticleDecays.o tmp/PartonDistributions.o tmp/PartonLevel.o tmp/PartonSystems.o tmp/PartonVertex.o tmp/PhaseSpace.o tmp/PhysicsBase.o tmp/Plugins.o tmp/ProcessContainer.o tmp/ProcessLevel.o tmp/Pythia.o tmp/PythiaParallel.o tmp/PythiaStdlib.o tmp/RHadrons.o tmp/ResonanceDecays.o tmp/ResonanceWidths.o tmp/ResonanceWidthsDM.o tmp/Ropewalk.o tmp/SLHAinterface.o tmp/Settings.o tmp/ShowerModel.o tmp/SigmaCompositeness.o tmp/SigmaDM.o tmp/SigmaEW.o tmp/SigmaExtraDim.o tmp/SigmaGeneric.o tmp/SigmaHiggs.o tmp/SigmaLeftRightSym.o tmp/SigmaLeptoquark.o tmp/SigmaLowEnergy.o tmp/SigmaNewGaugeBosons.o tmp/SigmaOnia.o tmp/SigmaProcess.o tmp/SigmaQCD.o tmp/SigmaSUSY.o tmp/SigmaTotal.o tmp/SimpleSpaceShower.o tmp/SimpleTimeShower.o tmp/SimpleWeakShowerMEs.o tmp/SplittingsOnia.o tmp/StandardModel.o tmp/Streams.o tmp/StringFragmentation.o tmp/StringInteractions.o tmp/StringLength.o tmp/SusyCouplings.o tmp/SusyLesHouches.o tmp/SusyResonanceWidths.o tmp/SusyWidthFunctions.o tmp/TauDecays.o tmp/UserHooks.o tmp/Vincia.o tmp/VinciaAntennaFunctions.o tmp/VinciaCommon.o tmp/VinciaDiagnostics.o tmp/VinciaEW.o tmp/VinciaFSR.o tmp/VinciaHistory.o tmp/VinciaISR.o tmp/VinciaMerging.o tmp/VinciaMergingHooks.o tmp/VinciaQED.o tmp/VinciaTrialGenerators.o tmp/VinciaWeights.o tmp/Weights.o -o lib/libpythia8.so -Iinclude -ldl -fPIC -lstdc++ -std=c++11 -O2 -pthread -DHEPMC2HACK -DHEPMC2 -DGZIP -I/data/dust/user/vashisht/MG5_aMC_v2_9_18/HEPTools/zlib/include -shared -Wl,-soname,libpythia8.so\
  -Wl,-rpath,../lib:/data/dust/user/vashisht/MG5_aMC_v2_9_18/HEPTools/pythia8//lib -ldl -L/data/dust/user/vashisht/MG5_aMC_v2_9_18/HEPTools/zlib/lib -Wl,-rpath,/data/dust/user/vashisht/MG5_aMC_v2_9_18/HEPTools/zlib/lib -lz -Wl,--disable-new-dtags
cp AUTHORS share/Pythia8/AUTHORS
cp COPYING share/Pythia8/COPYING
cp GUIDELINES share/Pythia8/GUIDELINES
cp README share/Pythia8/README
cp Makefile.inc share/Pythia8/../../examples/Makefile.inc
mkdir -p /data/dust/user/vashisht/MG5_aMC_v2_9_18/HEPTools/pythia8//bin /data/dust/user/vashisht/MG5_aMC_v2_9_18/HEPTools/pythia8//include /data/dust/user/vashisht/MG5_aMC_v2_9_18/HEPTools/pythia8//lib /data/dust/user/vashisht/MG5_aMC_v2_9_18/HEPTools/pythia8//share/Pythia8
rsync -a bin//* /data/dust/user/vashisht/MG5_aMC_v2_9_18/HEPTools/pythia8//bin
rsync -a include/* /data/dust/user/vashisht/MG5_aMC_v2_9_18/HEPTools/pythia8//include
rsync -a lib/* /data/dust/user/vashisht/MG5_aMC_v2_9_18/HEPTools/pythia8//lib
rsync -a share/Pythia8/* /data/dust/user/vashisht/MG5_aMC_v2_9_18/HEPTools/pythia8//share/Pythia8
rsync -a examples /data/dust/user/vashisht/MG5_aMC_v2_9_18/HEPTools/pythia8//share/Pythia8
g++ main164.cc -o main164 \
\
-I/data/dust/user/vashisht/MG5_aMC_v2_9_18/HEPTools/hepmc/include -L/data/dust/user/vashisht/MG5_aMC_v2_9_18/HEPTools/hepmc/lib -Wl,-rpath,/data/dust/user/vashisht/MG5_aMC_v2_9_18/HEPTools/hepmc/lib -lHepMC -DHEPMC2\
 -I/data/dust/user/vashisht/MG5_aMC_v2_9_18/HEPTools/pythia8//include -ldl -fPIC -lstdc++ -std=c++11 -O2 -pthread -DHEPMC2HACK -DHEPMC2 -DGZIP -I/data/dust/user/vashisht/MG5_aMC_v2_9_18/HEPTools/zlib/include -L/data/dust/user/vashisht/MG5_aMC_v2_9_18/HEPTools/zlib/lib -Wl,-rpath,/data/dust/user/vashisht/MG5_aMC_v2_9_18/HEPTools/zlib/lib -lz -L/data/dust/user/vashisht/MG5_aMC_v2_9_18/HEPTools/pythia8//lib -Wl,-rpath,/data/dust/user/vashisht/MG5_aMC_v2_9_18/HEPTools/pythia8//lib -lpythia8 -ldl
 Finished PYTHIA8 installation /tmp/tmp6_huix43
