===================================
 -> Pythia8 log file for run 15 <-
===================================
 PYTHIA Error in Settings::init: settings file ../share/Pythia8/xmldoc/Index.xml not found
 PYTHIA Abort from Pythia::Pythia: settings unavailable
 PYTHIA Error in Settings::flag: unknown key JetMatching:merge
 PYTHIA Error in Settings::word: unknown key Merging:Process



Start generating events



Inclusive cross section: 0.00000000e+00  +-  0.00000000e+00 mb 




===================================
 -> Pythia8 log file for run 15 <-
===================================
 PYTHIA Error in Settings::init: settings file ../share/Pythia8/xmldoc/Index.xml not found
 PYTHIA Abort from Pythia::Pythia: settings unavailable
 PYTHIA Error in Settings::flag: unknown key JetMatching:merge
 PYTHIA Error in Settings::word: unknown key Merging:Process



Start generating events



Inclusive cross section: 0.00000000e+00  +-  0.00000000e+00 mb 




===================================
 -> Pythia8 log file for run 15 <-
===================================
 PYTHIA Error in Settings::init: settings file ../share/Pythia8/xmldoc/Index.xml not found
 PYTHIA Abort from Pythia::Pythia: settings unavailable
 PYTHIA Error in Settings::flag: unknown key JetMatching:merge
 PYTHIA Error in Settings::word: unknown key Merging:Process



Start generating events



Inclusive cross section: 0.00000000e+00  +-  0.00000000e+00 mb 




===================================
 -> Pythia8 log file for run 15 <-
===================================
 PYTHIA Error in Settings::init: settings file ../share/Pythia8/xmldoc/Index.xml not found
 PYTHIA Abort from Pythia::Pythia: settings unavailable
 PYTHIA Error in Settings::flag: unknown key JetMatching:merge
 PYTHIA Error in Settings::word: unknown key Merging:Process



Start generating events



Inclusive cross section: 0.00000000e+00  +-  0.00000000e+00 mb 




===================================
 -> Pythia8 log file for run 15 <-
===================================
 PYTHIA Error in Settings::init: settings file ../share/Pythia8/xmldoc/Index.xml not found
 PYTHIA Abort from Pythia::Pythia: settings unavailable
 PYTHIA Error in Settings::flag: unknown key JetMatching:merge
 PYTHIA Error in Settings::word: unknown key Merging:Process



Start generating events



Inclusive cross section: 0.00000000e+00  +-  0.00000000e+00 mb 




===================================
 -> Pythia8 log file for run 15 <-
===================================
 PYTHIA Error in Settings::init: settings file ../share/Pythia8/xmldoc/Index.xml not found
 PYTHIA Abort from Pythia::Pythia: settings unavailable
 PYTHIA Error in Settings::flag: unknown key JetMatching:merge
 PYTHIA Error in Settings::word: unknown key Merging:Process



Start generating events



Inclusive cross section: 0.00000000e+00  +-  0.00000000e+00 mb 




===================================
 -> Pythia8 log file for run 15 <-
===================================
 PYTHIA Error in Settings::init: settings file ../share/Pythia8/xmldoc/Index.xml not found
 PYTHIA Abort from Pythia::Pythia: settings unavailable
 PYTHIA Error in Settings::flag: unknown key JetMatching:merge
 PYTHIA Error in Settings::word: unknown key Merging:Process



Start generating events



Inclusive cross section: 0.00000000e+00  +-  0.00000000e+00 mb 




===================================
 -> Pythia8 log file for run 15 <-
===================================
 PYTHIA Error in Settings::init: settings file ../share/Pythia8/xmldoc/Index.xml not found
 PYTHIA Abort from Pythia::Pythia: settings unavailable
 PYTHIA Error in Settings::flag: unknown key JetMatching:merge
 PYTHIA Error in Settings::word: unknown key Merging:Process



Start generating events



Inclusive cross section: 0.00000000e+00  +-  0.00000000e+00 mb 




===================================
 -> Pythia8 log file for run 15 <-
===================================
 PYTHIA Error in Settings::init: settings file ../share/Pythia8/xmldoc/Index.xml not found
 PYTHIA Abort from Pythia::Pythia: settings unavailable
 PYTHIA Error in Settings::flag: unknown key JetMatching:merge
 PYTHIA Error in Settings::word: unknown key Merging:Process



Start generating events



Inclusive cross section: 0.00000000e+00  +-  0.00000000e+00 mb 




===================================
 -> Pythia8 log file for run 15 <-
===================================
 PYTHIA Error in Settings::init: settings file ../share/Pythia8/xmldoc/Index.xml not found
 PYTHIA Abort from Pythia::Pythia: settings unavailable
 PYTHIA Error in Settings::flag: unknown key JetMatching:merge
 PYTHIA Error in Settings::word: unknown key Merging:Process



Start generating events



Inclusive cross section: 0.00000000e+00  +-  0.00000000e+00 mb 




===================================
 -> Pythia8 log file for run 15 <-
===================================
 PYTHIA Error in Settings::init: settings file ../share/Pythia8/xmldoc/Index.xml not found
 PYTHIA Abort from Pythia::Pythia: settings unavailable
 PYTHIA Error in Settings::flag: unknown key JetMatching:merge
 PYTHIA Error in Settings::word: unknown key Merging:Process



Start generating events



Inclusive cross section: 0.00000000e+00  +-  0.00000000e+00 mb 




===================================
 -> Pythia8 log file for run 15 <-
===================================
 PYTHIA Error in Settings::init: settings file ../share/Pythia8/xmldoc/Index.xml not found
 PYTHIA Abort from Pythia::Pythia: settings unavailable
 PYTHIA Error in Settings::flag: unknown key JetMatching:merge
 PYTHIA Error in Settings::word: unknown key Merging:Process



Start generating events



Inclusive cross section: 0.00000000e+00  +-  0.00000000e+00 mb 




===================================
 -> Pythia8 log file for run 15 <-
===================================
 PYTHIA Error in Settings::init: settings file ../share/Pythia8/xmldoc/Index.xml not found
 PYTHIA Abort from Pythia::Pythia: settings unavailable
 PYTHIA Error in Settings::flag: unknown key JetMatching:merge
 PYTHIA Error in Settings::word: unknown key Merging:Process



Start generating events



Inclusive cross section: 0.00000000e+00  +-  0.00000000e+00 mb 




===================================
 -> Pythia8 log file for run 15 <-
===================================
 PYTHIA Error in Settings::init: settings file ../share/Pythia8/xmldoc/Index.xml not found
 PYTHIA Abort from Pythia::Pythia: settings unavailable
 PYTHIA Error in Settings::flag: unknown key JetMatching:merge
 PYTHIA Error in Settings::word: unknown key Merging:Process



Start generating events



Inclusive cross section: 0.00000000e+00  +-  0.00000000e+00 mb 




===================================
 -> Pythia8 log file for run 15 <-
===================================
 PYTHIA Error in Settings::init: settings file ../share/Pythia8/xmldoc/Index.xml not found
 PYTHIA Abort from Pythia::Pythia: settings unavailable
 PYTHIA Error in Settings::flag: unknown key JetMatching:merge
 PYTHIA Error in Settings::word: unknown key Merging:Process



Start generating events



Inclusive cross section: 0.00000000e+00  +-  0.00000000e+00 mb 




===================================
 -> Pythia8 log file for run 15 <-
===================================
 PYTHIA Error in Settings::init: settings file ../share/Pythia8/xmldoc/Index.xml not found
 PYTHIA Abort from Pythia::Pythia: settings unavailable
 PYTHIA Error in Settings::flag: unknown key JetMatching:merge
 PYTHIA Error in Settings::word: unknown key Merging:Process



Start generating events



Inclusive cross section: 0.00000000e+00  +-  0.00000000e+00 mb 




