 Set environment variables
 Unpack zlib
zlib-1.3.1/
zlib-1.3.1/zutil.h
zlib-1.3.1/inftrees.h
zlib-1.3.1/inflate.c
zlib-1.3.1/CMakeLists.txt
zlib-1.3.1/zlib.map
zlib-1.3.1/zlib.pc.cmakein
zlib-1.3.1/LICENSE
zlib-1.3.1/zlib.3.pdf
zlib-1.3.1/test/
zlib-1.3.1/test/infcover.c
zlib-1.3.1/test/example.c
zlib-1.3.1/test/minigzip.c
zlib-1.3.1/configure
zlib-1.3.1/compress.c
zlib-1.3.1/zlib.3
zlib-1.3.1/ChangeLog
zlib-1.3.1/deflate.c
zlib-1.3.1/qnx/
zlib-1.3.1/qnx/package.qpg
zlib-1.3.1/msdos/
zlib-1.3.1/msdos/Makefile.bor
zlib-1.3.1/msdos/Makefile.msc
zlib-1.3.1/msdos/Makefile.emx
zlib-1.3.1/msdos/Makefile.dj2
zlib-1.3.1/msdos/Makefile.tc
zlib-1.3.1/inffixed.h
zlib-1.3.1/Makefile
zlib-1.3.1/FAQ
zlib-1.3.1/gzread.c
zlib-1.3.1/os400/
zlib-1.3.1/os400/README400
zlib-1.3.1/os400/make.sh
zlib-1.3.1/os400/bndsrc
zlib-1.3.1/os400/zlib.inc
zlib-1.3.1/zconf.h.in
zlib-1.3.1/trees.h
zlib-1.3.1/zconf.h.cmakein
zlib-1.3.1/inffast.h
zlib-1.3.1/old/
zlib-1.3.1/old/Makefile.riscos
zlib-1.3.1/old/os2/
zlib-1.3.1/old/os2/Makefile.os2
zlib-1.3.1/old/os2/zlib.def
zlib-1.3.1/old/Makefile.emx
zlib-1.3.1/old/README
zlib-1.3.1/old/descrip.mms
zlib-1.3.1/old/visual-basic.txt
zlib-1.3.1/treebuild.xml
zlib-1.3.1/contrib/
zlib-1.3.1/contrib/ada/
zlib-1.3.1/contrib/ada/buffer_demo.adb
zlib-1.3.1/contrib/ada/zlib-streams.ads
zlib-1.3.1/contrib/ada/zlib-thin.ads
zlib-1.3.1/contrib/ada/zlib.adb
zlib-1.3.1/contrib/ada/read.adb
zlib-1.3.1/contrib/ada/mtest.adb
zlib-1.3.1/contrib/ada/test.adb
zlib-1.3.1/contrib/ada/zlib.gpr
zlib-1.3.1/contrib/ada/zlib-thin.adb
zlib-1.3.1/contrib/ada/zlib-streams.adb
zlib-1.3.1/contrib/ada/zlib.ads
zlib-1.3.1/contrib/ada/readme.txt
zlib-1.3.1/contrib/pascal/
zlib-1.3.1/contrib/pascal/example.pas
zlib-1.3.1/contrib/pascal/zlibpas.pas
zlib-1.3.1/contrib/pascal/readme.txt
zlib-1.3.1/contrib/pascal/zlibd32.mak
zlib-1.3.1/contrib/dotzlib/
zlib-1.3.1/contrib/dotzlib/DotZLib.build
zlib-1.3.1/contrib/dotzlib/DotZLib/
zlib-1.3.1/contrib/dotzlib/DotZLib/GZipStream.cs
zlib-1.3.1/contrib/dotzlib/DotZLib/CodecBase.cs
zlib-1.3.1/contrib/dotzlib/DotZLib/CircularBuffer.cs
zlib-1.3.1/contrib/dotzlib/DotZLib/AssemblyInfo.cs
zlib-1.3.1/contrib/dotzlib/DotZLib/UnitTests.cs
zlib-1.3.1/contrib/dotzlib/DotZLib/DotZLib.cs
zlib-1.3.1/contrib/dotzlib/DotZLib/ChecksumImpl.cs
zlib-1.3.1/contrib/dotzlib/DotZLib/DotZLib.csproj
zlib-1.3.1/contrib/dotzlib/DotZLib/Deflater.cs
zlib-1.3.1/contrib/dotzlib/DotZLib/Inflater.cs
zlib-1.3.1/contrib/dotzlib/LICENSE_1_0.txt
zlib-1.3.1/contrib/dotzlib/DotZLib.chm
zlib-1.3.1/contrib/dotzlib/readme.txt
zlib-1.3.1/contrib/dotzlib/DotZLib.sln
zlib-1.3.1/contrib/vstudio/
zlib-1.3.1/contrib/vstudio/vc14/
zlib-1.3.1/contrib/vstudio/vc14/zlibvc.vcxproj
zlib-1.3.1/contrib/vstudio/vc14/miniunz.vcxproj
zlib-1.3.1/contrib/vstudio/vc14/testzlibdll.vcxproj
zlib-1.3.1/contrib/vstudio/vc14/zlibvc.sln
zlib-1.3.1/contrib/vstudio/vc14/testzlib.vcxproj
zlib-1.3.1/contrib/vstudio/vc14/zlib.rc
zlib-1.3.1/contrib/vstudio/vc14/zlibstat.vcxproj
zlib-1.3.1/contrib/vstudio/vc14/zlibvc.def
zlib-1.3.1/contrib/vstudio/vc14/minizip.vcxproj
zlib-1.3.1/contrib/vstudio/vc12/
zlib-1.3.1/contrib/vstudio/vc12/zlibvc.vcxproj
zlib-1.3.1/contrib/vstudio/vc12/miniunz.vcxproj
zlib-1.3.1/contrib/vstudio/vc12/testzlibdll.vcxproj
zlib-1.3.1/contrib/vstudio/vc12/zlibvc.sln
zlib-1.3.1/contrib/vstudio/vc12/testzlib.vcxproj
zlib-1.3.1/contrib/vstudio/vc12/zlib.rc
zlib-1.3.1/contrib/vstudio/vc12/zlibstat.vcxproj
zlib-1.3.1/contrib/vstudio/vc12/zlibvc.def
zlib-1.3.1/contrib/vstudio/vc12/minizip.vcxproj
zlib-1.3.1/contrib/vstudio/vc10/
zlib-1.3.1/contrib/vstudio/vc10/zlibvc.vcxproj
zlib-1.3.1/contrib/vstudio/vc10/testzlibdll.vcxproj.filters
zlib-1.3.1/contrib/vstudio/vc10/testzlib.vcxproj.filters
zlib-1.3.1/contrib/vstudio/vc10/zlibvc.vcxproj.filters
zlib-1.3.1/contrib/vstudio/vc10/miniunz.vcxproj
zlib-1.3.1/contrib/vstudio/vc10/testzlibdll.vcxproj
zlib-1.3.1/contrib/vstudio/vc10/zlibvc.sln
zlib-1.3.1/contrib/vstudio/vc10/minizip.vcxproj.filters
zlib-1.3.1/contrib/vstudio/vc10/testzlib.vcxproj
zlib-1.3.1/contrib/vstudio/vc10/zlibstat.vcxproj.filters
zlib-1.3.1/contrib/vstudio/vc10/zlib.rc
zlib-1.3.1/contrib/vstudio/vc10/zlibstat.vcxproj
zlib-1.3.1/contrib/vstudio/vc10/zlibvc.def
zlib-1.3.1/contrib/vstudio/vc10/miniunz.vcxproj.filters
zlib-1.3.1/contrib/vstudio/vc10/minizip.vcxproj
zlib-1.3.1/contrib/vstudio/vc17/
zlib-1.3.1/contrib/vstudio/vc17/zlibvc.vcxproj
zlib-1.3.1/contrib/vstudio/vc17/miniunz.vcxproj
zlib-1.3.1/contrib/vstudio/vc17/testzlibdll.vcxproj
zlib-1.3.1/contrib/vstudio/vc17/zlibvc.sln
zlib-1.3.1/contrib/vstudio/vc17/testzlib.vcxproj
zlib-1.3.1/contrib/vstudio/vc17/zlib.rc
zlib-1.3.1/contrib/vstudio/vc17/zlibstat.vcxproj
zlib-1.3.1/contrib/vstudio/vc17/zlibvc.def
zlib-1.3.1/contrib/vstudio/vc17/minizip.vcxproj
zlib-1.3.1/contrib/vstudio/vc9/
zlib-1.3.1/contrib/vstudio/vc9/zlibvc.sln
zlib-1.3.1/contrib/vstudio/vc9/zlibvc.vcproj
zlib-1.3.1/contrib/vstudio/vc9/minizip.vcproj
zlib-1.3.1/contrib/vstudio/vc9/miniunz.vcproj
zlib-1.3.1/contrib/vstudio/vc9/zlib.rc
zlib-1.3.1/contrib/vstudio/vc9/testzlibdll.vcproj
zlib-1.3.1/contrib/vstudio/vc9/zlibvc.def
zlib-1.3.1/contrib/vstudio/vc9/testzlib.vcproj
zlib-1.3.1/contrib/vstudio/vc9/zlibstat.vcproj
zlib-1.3.1/contrib/vstudio/vc11/
zlib-1.3.1/contrib/vstudio/vc11/zlibvc.vcxproj
zlib-1.3.1/contrib/vstudio/vc11/miniunz.vcxproj
zlib-1.3.1/contrib/vstudio/vc11/testzlibdll.vcxproj
zlib-1.3.1/contrib/vstudio/vc11/zlibvc.sln
zlib-1.3.1/contrib/vstudio/vc11/testzlib.vcxproj
zlib-1.3.1/contrib/vstudio/vc11/zlib.rc
zlib-1.3.1/contrib/vstudio/vc11/zlibstat.vcxproj
zlib-1.3.1/contrib/vstudio/vc11/zlibvc.def
zlib-1.3.1/contrib/vstudio/vc11/minizip.vcxproj
zlib-1.3.1/contrib/vstudio/readme.txt
zlib-1.3.1/contrib/minizip/
zlib-1.3.1/contrib/minizip/configure.ac
zlib-1.3.1/contrib/minizip/MiniZip64_Changes.txt
zlib-1.3.1/contrib/minizip/unzip.c
zlib-1.3.1/contrib/minizip/zip.c
zlib-1.3.1/contrib/minizip/iowin32.h
zlib-1.3.1/contrib/minizip/Makefile
zlib-1.3.1/contrib/minizip/ioapi.c
zlib-1.3.1/contrib/minizip/mztools.c
zlib-1.3.1/contrib/minizip/MiniZip64_info.txt
zlib-1.3.1/contrib/minizip/minizip.pc.in
zlib-1.3.1/contrib/minizip/minizip.1
zlib-1.3.1/contrib/minizip/Makefile.am
zlib-1.3.1/contrib/minizip/crypt.h
zlib-1.3.1/contrib/minizip/zip.h
zlib-1.3.1/contrib/minizip/make_vms.com
zlib-1.3.1/contrib/minizip/unzip.h
zlib-1.3.1/contrib/minizip/miniunzip.1
zlib-1.3.1/contrib/minizip/mztools.h
zlib-1.3.1/contrib/minizip/ioapi.h
zlib-1.3.1/contrib/minizip/iowin32.c
zlib-1.3.1/contrib/minizip/minizip.c
zlib-1.3.1/contrib/minizip/miniunz.c
zlib-1.3.1/contrib/README.contrib
zlib-1.3.1/contrib/delphi/
zlib-1.3.1/contrib/delphi/ZLibConst.pas
zlib-1.3.1/contrib/delphi/ZLib.pas
zlib-1.3.1/contrib/delphi/readme.txt
zlib-1.3.1/contrib/delphi/zlibd32.mak
zlib-1.3.1/contrib/infback9/
zlib-1.3.1/contrib/infback9/inffix9.h
zlib-1.3.1/contrib/infback9/inftree9.c
zlib-1.3.1/contrib/infback9/infback9.h
zlib-1.3.1/contrib/infback9/README
zlib-1.3.1/contrib/infback9/inflate9.h
zlib-1.3.1/contrib/infback9/infback9.c
zlib-1.3.1/contrib/infback9/inftree9.h
zlib-1.3.1/contrib/gcc_gvmat64/
zlib-1.3.1/contrib/gcc_gvmat64/gvmat64.S
zlib-1.3.1/contrib/testzlib/
zlib-1.3.1/contrib/testzlib/testzlib.txt
zlib-1.3.1/contrib/testzlib/testzlib.c
zlib-1.3.1/contrib/nuget/
zlib-1.3.1/contrib/nuget/nuget.sln
zlib-1.3.1/contrib/nuget/nuget.csproj
zlib-1.3.1/contrib/iostream/
zlib-1.3.1/contrib/iostream/test.cpp
zlib-1.3.1/contrib/iostream/zfstream.cpp
zlib-1.3.1/contrib/iostream/zfstream.h
zlib-1.3.1/contrib/blast/
zlib-1.3.1/contrib/blast/blast.c
zlib-1.3.1/contrib/blast/Makefile
zlib-1.3.1/contrib/blast/test.pk
zlib-1.3.1/contrib/blast/README
zlib-1.3.1/contrib/blast/blast.h
zlib-1.3.1/contrib/blast/test.txt
zlib-1.3.1/contrib/untgz/
zlib-1.3.1/contrib/untgz/Makefile.msc
zlib-1.3.1/contrib/untgz/Makefile
zlib-1.3.1/contrib/untgz/untgz.c
zlib-1.3.1/contrib/puff/
zlib-1.3.1/contrib/puff/Makefile
zlib-1.3.1/contrib/puff/puff.h
zlib-1.3.1/contrib/puff/README
zlib-1.3.1/contrib/puff/pufftest.c
zlib-1.3.1/contrib/puff/puff.c
zlib-1.3.1/contrib/puff/zeros.raw
zlib-1.3.1/contrib/iostream3/
zlib-1.3.1/contrib/iostream3/zfstream.cc
zlib-1.3.1/contrib/iostream3/zfstream.h
zlib-1.3.1/contrib/iostream3/README
zlib-1.3.1/contrib/iostream3/TODO
zlib-1.3.1/contrib/iostream3/test.cc
zlib-1.3.1/contrib/iostream2/
zlib-1.3.1/contrib/iostream2/zstream.h
zlib-1.3.1/contrib/iostream2/zstream_test.cpp
zlib-1.3.1/crc32.c
zlib-1.3.1/README
zlib-1.3.1/infback.c
zlib-1.3.1/zutil.c
zlib-1.3.1/deflate.h
zlib-1.3.1/zlib.pc.in
zlib-1.3.1/gzguts.h
zlib-1.3.1/examples/
zlib-1.3.1/examples/gznorm.c
zlib-1.3.1/examples/fitblk.c
zlib-1.3.1/examples/enough.c
zlib-1.3.1/examples/gzlog.h
zlib-1.3.1/examples/gzjoin.c
zlib-1.3.1/examples/gun.c
zlib-1.3.1/examples/zran.h
zlib-1.3.1/examples/README.examples
zlib-1.3.1/examples/zlib_how.html
zlib-1.3.1/examples/zpipe.c
zlib-1.3.1/examples/gzlog.c
zlib-1.3.1/examples/zran.c
zlib-1.3.1/examples/gzappend.c
zlib-1.3.1/zlib.h
zlib-1.3.1/gzlib.c
zlib-1.3.1/make_vms.com
zlib-1.3.1/nintendods/
zlib-1.3.1/nintendods/Makefile
zlib-1.3.1/nintendods/README
zlib-1.3.1/amiga/
zlib-1.3.1/amiga/Makefile.sas
zlib-1.3.1/amiga/Makefile.pup
zlib-1.3.1/inflate.h
zlib-1.3.1/inftrees.c
zlib-1.3.1/INDEX
zlib-1.3.1/doc/
zlib-1.3.1/doc/rfc1952.txt
zlib-1.3.1/doc/rfc1950.txt
zlib-1.3.1/doc/algorithm.txt
zlib-1.3.1/doc/rfc1951.txt
zlib-1.3.1/doc/txtvsbin.txt
zlib-1.3.1/doc/crc-doc.1.0.pdf
zlib-1.3.1/uncompr.c
zlib-1.3.1/gzwrite.c
zlib-1.3.1/trees.c
zlib-1.3.1/gzclose.c
zlib-1.3.1/win32/
zlib-1.3.1/win32/VisualC.txt
zlib-1.3.1/win32/Makefile.bor
zlib-1.3.1/win32/Makefile.msc
zlib-1.3.1/win32/zlib.def
zlib-1.3.1/win32/DLL_FAQ.txt
zlib-1.3.1/win32/README-WIN32.txt
zlib-1.3.1/win32/Makefile.gcc
zlib-1.3.1/win32/zlib1.rc
zlib-1.3.1/crc32.h
zlib-1.3.1/Makefile.in
zlib-1.3.1/inffast.c
zlib-1.3.1/adler32.c
zlib-1.3.1/zconf.h
zlib-1.3.1/watcom/
zlib-1.3.1/watcom/watcom_f.mak
zlib-1.3.1/watcom/watcom_l.mak
 Enter zlib directory
 Configure zlib
Checking for gcc...
Checking for shared library support...
Building shared library libz.so.1.3.1 with gcc.
Checking for size_t... Yes.
Checking for off64_t... Yes.
Checking for fseeko... Yes.
Checking for strerror... Yes.
Checking for unistd.h... Yes.
Checking for stdarg.h... Yes.
Checking whether to use vs[n]printf() or s[n]printf()... using vs[n]printf().
Checking for vsnprintf() in stdio.h... Yes.
Checking for return value of vsnprintf()... Yes.
Checking for attribute(visibility) support... Yes.
 Compile zlib
gcc -O3 -D_LARGEFILE64_SOURCE=1 -DHAVE_HIDDEN -I. -c -o example.o test/example.c
gcc -O3 -D_LARGEFILE64_SOURCE=1 -DHAVE_HIDDEN  -c -o adler32.o adler32.c
gcc -O3 -D_LARGEFILE64_SOURCE=1 -DHAVE_HIDDEN  -c -o crc32.o crc32.c
gcc -O3 -D_LARGEFILE64_SOURCE=1 -DHAVE_HIDDEN  -c -o deflate.o deflate.c
gcc -O3 -D_LARGEFILE64_SOURCE=1 -DHAVE_HIDDEN  -c -o infback.o infback.c
gcc -O3 -D_LARGEFILE64_SOURCE=1 -DHAVE_HIDDEN  -c -o inffast.o inffast.c
gcc -O3 -D_LARGEFILE64_SOURCE=1 -DHAVE_HIDDEN  -c -o inflate.o inflate.c
gcc -O3 -D_LARGEFILE64_SOURCE=1 -DHAVE_HIDDEN  -c -o inftrees.o inftrees.c
gcc -O3 -D_LARGEFILE64_SOURCE=1 -DHAVE_HIDDEN  -c -o trees.o trees.c
gcc -O3 -D_LARGEFILE64_SOURCE=1 -DHAVE_HIDDEN  -c -o zutil.o zutil.c
gcc -O3 -D_LARGEFILE64_SOURCE=1 -DHAVE_HIDDEN  -c -o compress.o compress.c
gcc -O3 -D_LARGEFILE64_SOURCE=1 -DHAVE_HIDDEN  -c -o uncompr.o uncompr.c
gcc -O3 -D_LARGEFILE64_SOURCE=1 -DHAVE_HIDDEN  -c -o gzclose.o gzclose.c
gcc -O3 -D_LARGEFILE64_SOURCE=1 -DHAVE_HIDDEN  -c -o gzlib.o gzlib.c
gcc -O3 -D_LARGEFILE64_SOURCE=1 -DHAVE_HIDDEN  -c -o gzread.o gzread.c
gcc -O3 -D_LARGEFILE64_SOURCE=1 -DHAVE_HIDDEN  -c -o gzwrite.o gzwrite.c
ar rc libz.a adler32.o crc32.o deflate.o infback.o inffast.o inflate.o inftrees.o trees.o zutil.o compress.o uncompr.o gzclose.o gzlib.o gzread.o gzwrite.o 
gcc -O3 -D_LARGEFILE64_SOURCE=1 -DHAVE_HIDDEN  -o example example.o -L. libz.a
gcc -O3 -D_LARGEFILE64_SOURCE=1 -DHAVE_HIDDEN -I. -c -o minigzip.o test/minigzip.c
gcc -O3 -D_LARGEFILE64_SOURCE=1 -DHAVE_HIDDEN  -o minigzip minigzip.o -L. libz.a
gcc -O3 -fPIC -D_LARGEFILE64_SOURCE=1 -DHAVE_HIDDEN  -DPIC -c -o objs/adler32.o adler32.c
gcc -O3 -fPIC -D_LARGEFILE64_SOURCE=1 -DHAVE_HIDDEN  -DPIC -c -o objs/crc32.o crc32.c
gcc -O3 -fPIC -D_LARGEFILE64_SOURCE=1 -DHAVE_HIDDEN  -DPIC -c -o objs/deflate.o deflate.c
gcc -O3 -fPIC -D_LARGEFILE64_SOURCE=1 -DHAVE_HIDDEN  -DPIC -c -o objs/infback.o infback.c
gcc -O3 -fPIC -D_LARGEFILE64_SOURCE=1 -DHAVE_HIDDEN  -DPIC -c -o objs/inffast.o inffast.c
gcc -O3 -fPIC -D_LARGEFILE64_SOURCE=1 -DHAVE_HIDDEN  -DPIC -c -o objs/inflate.o inflate.c
gcc -O3 -fPIC -D_LARGEFILE64_SOURCE=1 -DHAVE_HIDDEN  -DPIC -c -o objs/inftrees.o inftrees.c
gcc -O3 -fPIC -D_LARGEFILE64_SOURCE=1 -DHAVE_HIDDEN  -DPIC -c -o objs/trees.o trees.c
gcc -O3 -fPIC -D_LARGEFILE64_SOURCE=1 -DHAVE_HIDDEN  -DPIC -c -o objs/zutil.o zutil.c
gcc -O3 -fPIC -D_LARGEFILE64_SOURCE=1 -DHAVE_HIDDEN  -DPIC -c -o objs/compress.o compress.c
gcc -O3 -fPIC -D_LARGEFILE64_SOURCE=1 -DHAVE_HIDDEN  -DPIC -c -o objs/uncompr.o uncompr.c
gcc -O3 -fPIC -D_LARGEFILE64_SOURCE=1 -DHAVE_HIDDEN  -DPIC -c -o objs/gzclose.o gzclose.c
gcc -O3 -fPIC -D_LARGEFILE64_SOURCE=1 -DHAVE_HIDDEN  -DPIC -c -o objs/gzlib.o gzlib.c
gcc -O3 -fPIC -D_LARGEFILE64_SOURCE=1 -DHAVE_HIDDEN  -DPIC -c -o objs/gzread.o gzread.c
gcc -O3 -fPIC -D_LARGEFILE64_SOURCE=1 -DHAVE_HIDDEN  -DPIC -c -o objs/gzwrite.o gzwrite.c
gcc -shared -Wl,-soname,libz.so.1,--version-script,zlib.map -O3 -fPIC -D_LARGEFILE64_SOURCE=1 -DHAVE_HIDDEN -o libz.so.1.3.1 adler32.lo crc32.lo deflate.lo infback.lo inffast.lo inflate.lo inftrees.lo trees.lo zutil.lo compress.lo uncompr.lo gzclose.lo gzlib.lo gzread.lo gzwrite.lo  -lc 
rm -f libz.so libz.so.1
ln -s libz.so.1.3.1 libz.so
ln -s libz.so.1.3.1 libz.so.1
gcc -O3 -D_LARGEFILE64_SOURCE=1 -DHAVE_HIDDEN -o examplesh example.o  -L. libz.so.1.3.1
gcc -O3 -D_LARGEFILE64_SOURCE=1 -DHAVE_HIDDEN -o minigzipsh minigzip.o  -L. libz.so.1.3.1
gcc -O3 -D_LARGEFILE64_SOURCE=1 -DHAVE_HIDDEN -I. -D_FILE_OFFSET_BITS=64 -c -o example64.o test/example.c
gcc -O3 -D_LARGEFILE64_SOURCE=1 -DHAVE_HIDDEN  -o example64 example64.o -L. libz.a
gcc -O3 -D_LARGEFILE64_SOURCE=1 -DHAVE_HIDDEN -I. -D_FILE_OFFSET_BITS=64 -c -o minigzip64.o test/minigzip.c
gcc -O3 -D_LARGEFILE64_SOURCE=1 -DHAVE_HIDDEN  -o minigzip64 minigzip64.o -L. libz.a
 Install zlib
rm -f /data/dust/user/vashisht/MG5_aMC_v2_9_18/HEPTools/zlib/lib/libz.a
cp libz.a /data/dust/user/vashisht/MG5_aMC_v2_9_18/HEPTools/zlib/lib
chmod 644 /data/dust/user/vashisht/MG5_aMC_v2_9_18/HEPTools/zlib/lib/libz.a
cp libz.so.1.3.1 /data/dust/user/vashisht/MG5_aMC_v2_9_18/HEPTools/zlib/lib
chmod 755 /data/dust/user/vashisht/MG5_aMC_v2_9_18/HEPTools/zlib/lib/libz.so.1.3.1
rm -f /data/dust/user/vashisht/MG5_aMC_v2_9_18/HEPTools/zlib/share/man/man3/zlib.3
cp zlib.3 /data/dust/user/vashisht/MG5_aMC_v2_9_18/HEPTools/zlib/share/man/man3
chmod 644 /data/dust/user/vashisht/MG5_aMC_v2_9_18/HEPTools/zlib/share/man/man3/zlib.3
rm -f /data/dust/user/vashisht/MG5_aMC_v2_9_18/HEPTools/zlib/lib/pkgconfig/zlib.pc
cp zlib.pc /data/dust/user/vashisht/MG5_aMC_v2_9_18/HEPTools/zlib/lib/pkgconfig
chmod 644 /data/dust/user/vashisht/MG5_aMC_v2_9_18/HEPTools/zlib/lib/pkgconfig/zlib.pc
rm -f /data/dust/user/vashisht/MG5_aMC_v2_9_18/HEPTools/zlib/include/zlib.h /data/dust/user/vashisht/MG5_aMC_v2_9_18/HEPTools/zlib/include/zconf.h
cp zlib.h zconf.h /data/dust/user/vashisht/MG5_aMC_v2_9_18/HEPTools/zlib/include
chmod 644 /data/dust/user/vashisht/MG5_aMC_v2_9_18/HEPTools/zlib/include/zlib.h /data/dust/user/vashisht/MG5_aMC_v2_9_18/HEPTools/zlib/include/zconf.h
 Finished zlib installation
